0 info it worked if it ends with ok
1 verbose cli [ 'C:\\Program Files (x86)\\Nodist\\v-x64\\8.9.3\\node.exe',
1 verbose cli   'C:\\Program Files (x86)\\Nodist\\npmv\\4.0.5\\bin\\npm-cli.js',
1 verbose cli   'run',
1 verbose cli   'lib' ]
2 info using npm@4.0.5
3 info using node@v8.9.3
4 verbose run-script [ 'prelib', 'lib', 'postlib' ]
5 info lifecycle pilipa2@1.0.1~prelib: pilipa2@1.0.1
6 warn lifecycle The node binary used for scripts is C:\Program Files (x86)\Nodist\bin\node.exe but npm is using C:\Program Files (x86)\Nodist\v-x64\8.9.3\node.exe itself. Use the `--scripts-prepend-node-path` option to include the path for the node binary npm was executed with.
7 silly lifecycle pilipa2@1.0.1~prelib: no script for prelib, continuing
8 info lifecycle pilipa2@1.0.1~lib: pilipa2@1.0.1
9 verbose lifecycle pilipa2@1.0.1~lib: unsafe-perm in lifecycle true
10 verbose lifecycle pilipa2@1.0.1~lib: PATH: C:\Program Files (x86)\Nodist\npmv\4.0.5\bin\node-gyp-bin;D:\Works\react-component\node_modules\.bin;C:\windows\system32;C:\windows;C:\windows\System32\Wbem;C:\windows\System32\WindowsPowerShell\v1.0\;C:\Program Files (x86)\Git\cmd;C:\Program Files (x86)\Nodist\bin;C:\Program Files (x86)\Yarn\bin;C:\Program Files\TortoiseGit\bin;C:\Program Files\PowerShell\6.0.0-rc.2\;C:\Users\Administrator\AppData\Local\Microsoft\WindowsApps;C:\Users\Administrator\AppData\Local\atom\bin;C:\Users\Administrator\AppData\Local\Yarn\bin;C:\Program Files\Microsoft VS Code\bin
11 verbose lifecycle pilipa2@1.0.1~lib: CWD: D:\Works\react-component
12 silly lifecycle pilipa2@1.0.1~lib: Args: [ '/d /s /c', 'node ./node_modules/gulp/bin/gulp.js lib' ]
13 silly lifecycle pilipa2@1.0.1~lib: Returned: code: 1  signal: null
14 info lifecycle pilipa2@1.0.1~lib: Failed to exec lib script
15 verbose stack Error: pilipa2@1.0.1 lib: `node ./node_modules/gulp/bin/gulp.js lib`
15 verbose stack Exit status 1
15 verbose stack     at EventEmitter.<anonymous> (C:\Program Files (x86)\Nodist\npmv\4.0.5\lib\utils\lifecycle.js:279:16)
15 verbose stack     at emitTwo (events.js:126:13)
15 verbose stack     at EventEmitter.emit (events.js:214:7)
15 verbose stack     at ChildProcess.<anonymous> (C:\Program Files (x86)\Nodist\npmv\4.0.5\lib\utils\spawn.js:40:14)
15 verbose stack     at emitTwo (events.js:126:13)
15 verbose stack     at ChildProcess.emit (events.js:214:7)
15 verbose stack     at maybeClose (internal/child_process.js:925:16)
15 verbose stack     at Process.ChildProcess._handle.onexit (internal/child_process.js:209:5)
16 verbose pkgid pilipa2@1.0.1
17 verbose cwd D:\Works\react-component
18 error Windows_NT 10.0.14393
19 error argv "C:\\Program Files (x86)\\Nodist\\v-x64\\8.9.3\\node.exe" "C:\\Program Files (x86)\\Nodist\\npmv\\4.0.5\\bin\\npm-cli.js" "run" "lib"
20 error node v8.9.3
21 error npm  v4.0.5
22 error code ELIFECYCLE
23 error pilipa2@1.0.1 lib: `node ./node_modules/gulp/bin/gulp.js lib`
23 error Exit status 1
24 error Failed at the pilipa2@1.0.1 lib script 'node ./node_modules/gulp/bin/gulp.js lib'.
24 error Make sure you have the latest version of node.js and npm installed.
24 error If you do, this is most likely a problem with the pilipa2 package,
24 error not with npm itself.
24 error Tell the author that this fails on your system:
24 error     node ./node_modules/gulp/bin/gulp.js lib
24 error You can get information on how to open an issue for this project with:
24 error     npm bugs pilipa2
24 error Or if that isn't available, you can get their info via:
24 error     npm owner ls pilipa2
24 error There is likely additional logging output above.
25 verbose exit [ 1, true ]
